# JRE version: OpenJDK Runtime Environment (17.0.6) (build 17.0.6+0-b2043.56-10027231)
# Java VM: OpenJDK 64-Bit Server VM (17.0.6+0-b2043.56-10027231, mixed mode, tiered, compressed oops, compressed class ptrs, g1 gc, windows-amd64)
GC Precious Log:
 CPUs: 16 total, 16 available
 Memory: 16052M
 Large Page Support: Disabled
 NUMA Support: Disabled
 Compressed Oops: Enabled (32-bit)
 Heap Region Size: 1M
 Heap Min Capacity: 8M
 Heap Initial Capacity: 252M
 Heap Max Capacity: 2G
 Pre-touch: Disabled
 Parallel Workers: 13
 Concurrent Workers: 3
 Concurrent Refinement Workers: 13
 Periodic GC: Disabled
Heap:
 garbage-first heap   total 184320K, used 112665K [0x0000000080000000, 0x0000000100000000)
  region size 1024K, 7 young (7168K), 5 survivors (5120K)
 Metaspace       used 106187K, committed 106816K, reserved 1146880K
  class space    used 13662K, committed 13952K, reserved 1048576K
GC Heap History (20 events):
Event: 7.328 GC heap before
{Heap before GC invocations=30 (full 0):
 garbage-first heap   total 134144K, used 76655K [0x0000000080000000, 0x0000000100000000)
  region size 1024K, 5 young (5120K), 3 survivors (3072K)
 Metaspace       used 68717K, committed 69376K, reserved 1114112K
  class space    used 9435K, committed 9728K, reserved 1048576K
}
Event: 7.331 GC heap after
{Heap after GC invocations=31 (full 0):
 garbage-first heap   total 134144K, used 75685K [0x0000000080000000, 0x0000000100000000)
  region size 1024K, 2 young (2048K), 2 survivors (2048K)
 Metaspace       used 68717K, committed 69376K, reserved 1114112K
  class space    used 9435K, committed 9728K, reserved 1048576K
}
Event: 7.563 GC heap before
{Heap before GC invocations=32 (full 0):
 garbage-first heap   total 140288K, used 117669K [0x0000000080000000, 0x0000000100000000)
  region size 1024K, 37 young (37888K), 2 survivors (2048K)
 Metaspace       used 69107K, committed 69696K, reserved 1114112K
  class space    used 9470K, committed 9728K, reserved 1048576K
}
Event: 7.571 GC heap after
{Heap after GC invocations=33 (full 0):
 garbage-first heap   total 140288K, used 85491K [0x0000000080000000, 0x0000000100000000)
  region size 1024K, 5 young (5120K), 5 survivors (5120K)
 Metaspace       used 69107K, committed 69696K, reserved 1114112K
  class space    used 9470K, committed 9728K, reserved 1048576K
}
Event: 7.875 GC heap before
{Heap before GC invocations=33 (full 0):
 garbage-first heap   total 140288K, used 113139K [0x0000000080000000, 0x0000000100000000)
  region size 1024K, 32 young (32768K), 5 survivors (5120K)
 Metaspace       used 72563K, committed 73152K, reserved 1114112K
  class space    used 9866K, committed 10176K, reserved 1048576K
}
Event: 7.880 GC heap after
{Heap after GC invocations=34 (full 0):
 garbage-first heap   total 140288K, used 86690K [0x0000000080000000, 0x0000000100000000)
  region size 1024K, 2 young (2048K), 2 survivors (2048K)
 Metaspace       used 72563K, committed 73152K, reserved 1114112K
  class space    used 9866K, committed 10176K, reserved 1048576K
}
Event: 7.949 GC heap before
{Heap before GC invocations=35 (full 0):
 garbage-first heap   total 150528K, used 91810K [0x0000000080000000, 0x0000000100000000)
  region size 1024K, 8 young (8192K), 2 survivors (2048K)
 Metaspace       used 73173K, committed 73856K, reserved 1114112K
  class space    used 9945K, committed 10240K, reserved 1048576K
}
Event: 7.952 GC heap after
{Heap after GC invocations=36 (full 0):
 garbage-first heap   total 181248K, used 87385K [0x0000000080000000, 0x0000000100000000)
  region size 1024K, 2 young (2048K), 2 survivors (2048K)
 Metaspace       used 73173K, committed 73856K, reserved 1114112K
  class space    used 9945K, committed 10240K, reserved 1048576K
}
Event: 8.737 GC heap before
{Heap before GC invocations=37 (full 0):
 garbage-first heap   total 181248K, used 153945K [0x0000000080000000, 0x0000000100000000)
  region size 1024K, 61 young (62464K), 2 survivors (2048K)
 Metaspace       used 81332K, committed 81920K, reserved 1122304K
  class space    used 10751K, committed 11008K, reserved 1048576K
}
Event: 8.741 GC heap after
{Heap after GC invocations=38 (full 0):
 garbage-first heap   total 181248K, used 98283K [0x0000000080000000, 0x0000000100000000)
  region size 1024K, 7 young (7168K), 7 survivors (7168K)
 Metaspace       used 81332K, committed 81920K, reserved 1122304K
  class space    used 10751K, committed 11008K, reserved 1048576K
}
Event: 9.274 GC heap before
{Heap before GC invocations=38 (full 0):
 garbage-first heap   total 181248K, used 141291K [0x0000000080000000, 0x0000000100000000)
  region size 1024K, 50 young (51200K), 7 survivors (7168K)
 Metaspace       used 87306K, committed 87936K, reserved 1130496K
  class space    used 11512K, committed 11776K, reserved 1048576K
}
Event: 9.280 GC heap after
{Heap after GC invocations=39 (full 0):
 garbage-first heap   total 181248K, used 101921K [0x0000000080000000, 0x0000000100000000)
  region size 1024K, 4 young (4096K), 4 survivors (4096K)
 Metaspace       used 87306K, committed 87936K, reserved 1130496K
  class space    used 11512K, committed 11776K, reserved 1048576K
}
Event: 9.665 GC heap before
{Heap before GC invocations=40 (full 0):
 garbage-first heap   total 181248K, used 150049K [0x0000000080000000, 0x0000000100000000)
  region size 1024K, 50 young (51200K), 4 survivors (4096K)
 Metaspace       used 89499K, committed 90112K, reserved 1130496K
  class space    used 11773K, committed 12032K, reserved 1048576K
}
Event: 9.668 GC heap after
{Heap after GC invocations=41 (full 0):
 garbage-first heap   total 181248K, used 103706K [0x0000000080000000, 0x0000000100000000)
  region size 1024K, 6 young (6144K), 6 survivors (6144K)
 Metaspace       used 89499K, committed 90112K, reserved 1130496K
  class space    used 11773K, committed 12032K, reserved 1048576K
}
Event: 10.147 GC heap before
{Heap before GC invocations=41 (full 0):
 garbage-first heap   total 181248K, used 150810K [0x0000000080000000, 0x0000000100000000)
  region size 1024K, 52 young (53248K), 6 survivors (6144K)
 Metaspace       used 93003K, committed 93632K, reserved 1138688K
  class space    used 12162K, committed 12416K, reserved 1048576K
}
Event: 10.153 GC heap after
{Heap after GC invocations=42 (full 0):
 garbage-first heap   total 181248K, used 107077K [0x0000000080000000, 0x0000000100000000)
  region size 1024K, 6 young (6144K), 6 survivors (6144K)
 Metaspace       used 93003K, committed 93632K, reserved 1138688K
  class space    used 12162K, committed 12416K, reserved 1048576K
}
Event: 10.657 GC heap before
{Heap before GC invocations=43 (full 0):
 garbage-first heap   total 184320K, used 151109K [0x0000000080000000, 0x0000000100000000)
  region size 1024K, 49 young (50176K), 6 survivors (6144K)
 Metaspace       used 98550K, committed 99200K, reserved 1138688K
  class space    used 12820K, committed 13120K, reserved 1048576K
}
Event: 10.663 GC heap after
{Heap after GC invocations=44 (full 0):
 garbage-first heap   total 184320K, used 109763K [0x0000000080000000, 0x0000000100000000)
  region size 1024K, 6 young (6144K), 6 survivors (6144K)
 Metaspace       used 98550K, committed 99200K, reserved 1138688K
  class space    used 12820K, committed 13120K, reserved 1048576K
}
Event: 11.168 GC heap before
{Heap before GC invocations=44 (full 0):
 garbage-first heap   total 184320K, used 154819K [0x0000000080000000, 0x0000000100000000)
  region size 1024K, 50 young (51200K), 6 survivors (6144K)
 Metaspace       used 105945K, committed 106560K, reserved 1146880K
  class space    used 13629K, committed 13888K, reserved 1048576K
}
Event: 11.175 GC heap after
{Heap after GC invocations=45 (full 0):
 garbage-first heap   total 184320K, used 111641K [0x0000000080000000, 0x0000000100000000)
  region size 1024K, 5 young (5120K), 5 survivors (5120K)
 Metaspace       used 105945K, committed 106560K, reserved 1146880K
  class space    used 13629K, committed 13888K, reserved 1048576K
}

